..\dll\release\power.pdb
E:\MY_PRO\BOOM\DLL\RELEASE\POWER.DLL
E:\my_pro\boom\dll\release\power.exp
E:\my_pro\boom\dll\release\power.lib
E:\MY_PRO\BOOM\DLL\RELEASE\POWER.PDB
E:\my_pro\boom\power\..\dll\release\power.dll
E:\my_pro\boom\power\Release\cl.command.1.tlog
E:\my_pro\boom\power\Release\CL.read.1.tlog
E:\my_pro\boom\power\Release\CL.write.1.tlog
E:\my_pro\boom\power\Release\link.command.1.tlog
E:\my_pro\boom\power\Release\link.read.1.tlog
E:\my_pro\boom\power\Release\link.write.1.tlog
E:\my_pro\boom\power\Release\link-cvtres.read.1.tlog
E:\my_pro\boom\power\Release\link-cvtres.write.1.tlog
E:\my_pro\boom\power\Release\mt.command.1.tlog
E:\my_pro\boom\power\Release\mt.read.1.tlog
E:\my_pro\boom\power\Release\mt.write.1.tlog
E:\MY_PRO\BOOM\POWER\RELEASE\POWER.DLL.INTERMEDIATE.MANIFEST
E:\MY_PRO\BOOM\POWER\RELEASE\POWER.OBJ
E:\MY_PRO\BOOM\POWER\RELEASE\POWER.PCH
E:\MY_PRO\BOOM\POWER\RELEASE\POWER.RES
E:\my_pro\boom\power\Release\power.vcxprojResolveAssemblyReference.cache
E:\my_pro\boom\power\Release\power.write.1.tlog
E:\my_pro\boom\power\Release\rc.command.1.tlog
E:\my_pro\boom\power\Release\rc.read.1.tlog
E:\my_pro\boom\power\Release\rc.write.1.tlog
E:\MY_PRO\BOOM\POWER\RELEASE\STDAFX.OBJ
E:\MY_PRO\BOOM\POWER\RELEASE\TLBBAPI.OBJ
E:\MY_PRO\BOOM\POWER\RELEASE\VC100.PDB
