生成启动时间为 2018/11/1 15:32:01。
     1>项目“E:\my_pro\boom\power\power.vcxproj”在节点 2 上(build 个目标)。
     1>InitializeBuildStatus:
         正在创建“Debug\power.unsuccessfulbuild”，因为已指定“AlwaysCreate”。
       ClCompile:
         D:\Program Files (x86)\Microsoft Visual Studio 10.0\VC\bin\CL.exe /c /ZI /nologo /W3 /WX- /Od /Oy- /D WIN32 /D _WINDOWS /D _DEBUG /D _USRDLL /D _WINDLL /D _UNICODE /D UNICODE /Gm /EHsc /RTC1 /MTd /GS /fp:precise /Zc:wchar_t /Zc:forScope /Yc"StdAfx.h" /Fp"Debug\power.pch" /Fo"Debug\\" /Fd"Debug\vc100.pdb" /Gd /TP /analyze- /errorReport:prompt stdafx.cpp
         stdafx.cpp
         D:\Program Files (x86)\Microsoft Visual Studio 10.0\VC\bin\CL.exe /c /ZI /nologo /W3 /WX- /Od /Oy- /D WIN32 /D _WINDOWS /D _DEBUG /D _USRDLL /D _WINDLL /D _UNICODE /D UNICODE /Gm /EHsc /RTC1 /MTd /GS /fp:precise /Zc:wchar_t /Zc:forScope /Yu"StdAfx.h" /Fp"Debug\power.pch" /Fo"Debug\\" /Fd"Debug\vc100.pdb" /Gd /TP /analyze- /errorReport:prompt power.cpp
         power.cpp
       ResourceCompile:
         C:\Program Files (x86)\Microsoft SDKs\Windows\v7.0A\bin\rc.exe /D _DEBUG /D _UNICODE /D UNICODE /l"0x0804" /IDebug\ /nologo /fo"Debug\power.res" power.rc 
       ManifestResourceCompile:
         C:\Program Files (x86)\Microsoft SDKs\Windows\v7.0A\bin\rc.exe /nologo /fo"Debug\power.dll.embed.manifest.res" Debug\power_manifest.rc 
       Link:
         D:\Program Files (x86)\Microsoft Visual Studio 10.0\VC\bin\link.exe /ERRORREPORT:PROMPT /OUT:"E:\my_pro\boom\Debug\power.dll" /INCREMENTAL /NOLOGO /DEF:".\power.def" /MANIFEST /ManifestFile:"Debug\power.dll.intermediate.manifest" /MANIFESTUAC:"level='asInvoker' uiAccess='false'" /DEBUG /PDB:"E:\my_pro\boom\Debug\power.pdb" /SUBSYSTEM:WINDOWS /TLBID:1 /DYNAMICBASE /NXCOMPAT /IMPLIB:"E:\my_pro\boom\Debug\power.lib" /MACHINE:X86 /DLL Debug\power.res
         Debug\power.dll.embed.manifest.res
         Debug\power.obj
         Debug\stdafx.obj
            正在创建库 E:\my_pro\boom\Debug\power.lib 和对象 E:\my_pro\boom\Debug\power.exp
       Manifest:
         C:\Program Files (x86)\Microsoft SDKs\Windows\v7.0A\bin\mt.exe /nologo /verbose /out:"Debug\power.dll.embed.manifest" /manifest Debug\power.dll.intermediate.manifest "D:\Program Files (x86)\Microsoft Visual Studio 10.0\VC\Include\Manifest\dpiaware.manifest"
         C:\Program Files (x86)\Microsoft SDKs\Windows\v7.0A\bin\rc.exe /nologo /fo"Debug\power.dll.embed.manifest.res" Debug\power_manifest.rc 
       LinkEmbedManifest:
         D:\Program Files (x86)\Microsoft Visual Studio 10.0\VC\bin\link.exe /ERRORREPORT:PROMPT /OUT:"E:\my_pro\boom\Debug\power.dll" /INCREMENTAL /NOLOGO /DEF:".\power.def" /MANIFEST /ManifestFile:"Debug\power.dll.intermediate.manifest" /MANIFESTUAC:"level='asInvoker' uiAccess='false'" /DEBUG /PDB:"E:\my_pro\boom\Debug\power.pdb" /SUBSYSTEM:WINDOWS /TLBID:1 /DYNAMICBASE /NXCOMPAT /IMPLIB:"E:\my_pro\boom\Debug\power.lib" /MACHINE:X86 /DLL Debug\power.res
         Debug\power.dll.embed.manifest.res
         Debug\power.obj
         Debug\stdafx.obj
         power.vcxproj -> E:\my_pro\boom\Debug\power.dll
       FinalizeBuildStatus:
         正在删除文件“Debug\power.unsuccessfulbuild”。
         正在对“Debug\power.lastbuildstate”执行 Touch 任务。
     1>已完成生成项目“E:\my_pro\boom\power\power.vcxproj”(build 个目标)的操作。

生成成功。

已用时间 00:00:03.52
