..\bin\release\boom.pdb
E:\MY_PRO\BOOM\BIN\RELEASE\BOOM.EXE
E:\my_pro\boom\boom\Release\boom.exe.intermediate.manifest
E:\MY_PRO\BOOM\BOOM\RELEASE\BOOM.OBJ
E:\MY_PRO\BOOM\BOOM\RELEASE\BOOM.PCH
E:\MY_PRO\BOOM\BOOM\RELEASE\BOOM.RES
E:\my_pro\boom\boom\Release\boom.vcxprojResolveAssemblyReference.cache
E:\my_pro\boom\boom\Release\boom.write.1.tlog
E:\MY_PRO\BOOM\BOOM\RELEASE\BOOMDLG.OBJ
E:\my_pro\boom\boom\Release\cl.command.1.tlog
E:\my_pro\boom\boom\Release\CL.read.1.tlog
E:\my_pro\boom\boom\Release\CL.write.1.tlog
E:\my_pro\boom\boom\Release\link.command.1.tlog
E:\my_pro\boom\boom\Release\link.read.1.tlog
E:\my_pro\boom\boom\Release\link.write.1.tlog
E:\my_pro\boom\boom\Release\link-cvtres.read.1.tlog
E:\my_pro\boom\boom\Release\link-cvtres.write.1.tlog
E:\my_pro\boom\boom\Release\mt.command.1.tlog
E:\my_pro\boom\boom\Release\mt.read.1.tlog
E:\my_pro\boom\boom\Release\mt.write.1.tlog
E:\my_pro\boom\boom\Release\rc.command.1.tlog
E:\my_pro\boom\boom\Release\rc.read.1.tlog
E:\my_pro\boom\boom\Release\rc.write.1.tlog
E:\MY_PRO\BOOM\BOOM\RELEASE\STDAFX.OBJ
E:\MY_PRO\BOOM\BOOM\RELEASE\VC100.PDB
